<html>
<head>
<title>TestNG:  ShiftingTest</title>
<link href="../testng.css" rel="stylesheet" type="text/css" />
<link href="../my-testng.css" rel="stylesheet" type="text/css" />

<style type="text/css">
.log { display: none;} 
.stack-trace { display: none;} 
</style>
<script type="text/javascript">
<!--
function flip(e) {
  current = e.style.display;
  if (current == 'block') {
    e.style.display = 'none';
    return 0;
  }
  else {
    e.style.display = 'block';
    return 1;
  }
}

function toggleBox(szDivId, elem, msg1, msg2)
{
  var res = -1;  if (document.getElementById) {
    res = flip(document.getElementById(szDivId));
  }
  else if (document.all) {
    // this is the way old msie versions work
    res = flip(document.all[szDivId]);
  }
  if(elem) {
    if(res == 0) elem.innerHTML = msg1; else elem.innerHTML = msg2;
  }

}

function toggleAllBoxes() {
  if (document.getElementsByTagName) {
    d = document.getElementsByTagName('div');
    for (i = 0; i < d.length; i++) {
      if (d[i].className == 'log') {
        flip(d[i]);
      }
    }
  }
}

// -->
</script>

</head>
<body>
<h2 align='center'>ShiftingTest</h2><table border='1' align="center">
<tr>
<td>Tests passed/Failed/Skipped:</td><td>17/2/0</td>
</tr><tr>
<td>Started on:</td><td>Sun Jun 29 12:28:23 WIB 2025</td>
</tr>
<tr><td>Total time:</td><td>61 seconds (61179 ms)</td>
</tr><tr>
<td>Included groups:</td><td></td>
</tr><tr>
<td>Excluded groups:</td><td></td>
</tr>
</table><p/>
<small><i>(Hover the method name to see the test class name)</i></small><p/>
<table width='100%' border='1' class='invocation-failed'>
<tr><td colspan='4' align='center'><b>FAILED TESTS</b></td></tr>
<tr><td><b>Test method</b></td>
<td><b>Attribute(s)</b></td>
<td width="30%"><b>Exception</b></td>
<td width="10%"><b>Time (seconds)</b></td>
<td><b>Instance</b></td>
</tr>
<tr>
<td title='com.dikahadir_selenium.testCases.shifting.TC_C_007.addDuplicatShift()'><b>addDuplicatShift</b><br>Test class: com.dikahadir_selenium.testCases.shifting.TC_C_007<br>Test method: TC_C_007</td>
<td><div><pre>java.lang.AssertionError: expected [true] but found [false]
	at com.dikahadir_selenium.testCases.shifting.TC_C_007.addDuplicatShift(TC_C_007.java:57)
	at java.base/java.util.ArrayList.forEach(ArrayList.java:1596)
... Removed 29 stack frames</pre></div><a href='#' onClick='toggleBox("stack-trace1423491597", this, "Click to show all stack frames", "Click to hide stack frames")'>Click to show all stack frames</a>
<div class='stack-trace' id='stack-trace1423491597'><pre>java.lang.AssertionError: expected [true] but found [false]
	at org.testng.Assert.fail(Assert.java:111)
	at org.testng.Assert.failNotEquals(Assert.java:1590)
	at org.testng.Assert.assertTrue(Assert.java:57)
	at org.testng.Assert.assertTrue(Assert.java:67)
	at com.dikahadir_selenium.testCases.shifting.TC_C_007.addDuplicatShift(TC_C_007.java:57)
	at java.base/jdk.internal.reflect.DirectMethodHandleAccessor.invoke(DirectMethodHandleAccessor.java:103)
	at java.base/java.lang.reflect.Method.invoke(Method.java:580)
	at org.testng.internal.invokers.MethodInvocationHelper.invokeMethod(MethodInvocationHelper.java:141)
	at org.testng.internal.invokers.TestInvoker.invokeMethod(TestInvoker.java:687)
	at org.testng.internal.invokers.TestInvoker.invokeTestMethod(TestInvoker.java:230)
	at org.testng.internal.invokers.MethodRunner.runInSequence(MethodRunner.java:63)
	at org.testng.internal.invokers.TestInvoker$MethodInvocationAgent.invoke(TestInvoker.java:995)
	at org.testng.internal.invokers.TestInvoker.invokeTestMethods(TestInvoker.java:203)
	at org.testng.internal.invokers.TestMethodWorker.invokeTestMethods(TestMethodWorker.java:154)
	at org.testng.internal.invokers.TestMethodWorker.run(TestMethodWorker.java:134)
	at java.base/java.util.ArrayList.forEach(ArrayList.java:1596)
	at org.testng.TestRunner.privateRun(TestRunner.java:741)
	at org.testng.TestRunner.run(TestRunner.java:616)
	at org.testng.SuiteRunner.runTest(SuiteRunner.java:421)
	at org.testng.SuiteRunner.runSequentially(SuiteRunner.java:413)
	at org.testng.SuiteRunner.privateRun(SuiteRunner.java:373)
	at org.testng.SuiteRunner.run(SuiteRunner.java:312)
	at org.testng.SuiteRunnerWorker.runSuite(SuiteRunnerWorker.java:52)
	at org.testng.SuiteRunnerWorker.run(SuiteRunnerWorker.java:95)
	at org.testng.TestNG.runSuitesSequentially(TestNG.java:1274)
	at org.testng.TestNG.runSuitesLocally(TestNG.java:1208)
	at org.testng.TestNG.runSuites(TestNG.java:1112)
	at org.testng.TestNG.run(TestNG.java:1079)
	at org.testng.remote.AbstractRemoteTestNG.run(AbstractRemoteTestNG.java:115)
	at org.testng.remote.RemoteTestNG.initAndRun(RemoteTestNG.java:293)
	at org.testng.remote.RemoteTestNG.main(RemoteTestNG.java:91)
</pre></div></td>
<td>5</td>
<td>com.dikahadir_selenium.testCases.shifting.TC_C_007@489115ef</td></tr>
<tr>
<td title='com.dikahadir_selenium.testCases.shifting.TC_C_019.AddTimeInAfterTimeOut()'><b>AddTimeInAfterTimeOut</b><br>Test class: com.dikahadir_selenium.testCases.shifting.TC_C_019<br>Test method: TC_C_019</td>
<td><div><pre>java.lang.AssertionError: did not expect [1iiEoPs] but found [1iiEoPs]
	at com.dikahadir_selenium.testCases.shifting.TC_C_019.AddTimeInAfterTimeOut(TC_C_019.java:61)
	at java.base/java.util.ArrayList.forEach(ArrayList.java:1596)
... Removed 30 stack frames</pre></div><a href='#' onClick='toggleBox("stack-trace833272193", this, "Click to show all stack frames", "Click to hide stack frames")'>Click to show all stack frames</a>
<div class='stack-trace' id='stack-trace833272193'><pre>java.lang.AssertionError: did not expect [1iiEoPs] but found [1iiEoPs]
	at org.testng.Assert.fail(Assert.java:111)
	at org.testng.Assert.failEquals(Assert.java:1594)
	at org.testng.Assert.assertNotEqualsImpl(Assert.java:157)
	at org.testng.Assert.assertNotEquals(Assert.java:2217)
	at org.testng.Assert.assertNotEquals(Assert.java:2239)
	at com.dikahadir_selenium.testCases.shifting.TC_C_019.AddTimeInAfterTimeOut(TC_C_019.java:61)
	at java.base/jdk.internal.reflect.DirectMethodHandleAccessor.invoke(DirectMethodHandleAccessor.java:103)
	at java.base/java.lang.reflect.Method.invoke(Method.java:580)
	at org.testng.internal.invokers.MethodInvocationHelper.invokeMethod(MethodInvocationHelper.java:141)
	at org.testng.internal.invokers.TestInvoker.invokeMethod(TestInvoker.java:687)
	at org.testng.internal.invokers.TestInvoker.invokeTestMethod(TestInvoker.java:230)
	at org.testng.internal.invokers.MethodRunner.runInSequence(MethodRunner.java:63)
	at org.testng.internal.invokers.TestInvoker$MethodInvocationAgent.invoke(TestInvoker.java:995)
	at org.testng.internal.invokers.TestInvoker.invokeTestMethods(TestInvoker.java:203)
	at org.testng.internal.invokers.TestMethodWorker.invokeTestMethods(TestMethodWorker.java:154)
	at org.testng.internal.invokers.TestMethodWorker.run(TestMethodWorker.java:134)
	at java.base/java.util.ArrayList.forEach(ArrayList.java:1596)
	at org.testng.TestRunner.privateRun(TestRunner.java:741)
	at org.testng.TestRunner.run(TestRunner.java:616)
	at org.testng.SuiteRunner.runTest(SuiteRunner.java:421)
	at org.testng.SuiteRunner.runSequentially(SuiteRunner.java:413)
	at org.testng.SuiteRunner.privateRun(SuiteRunner.java:373)
	at org.testng.SuiteRunner.run(SuiteRunner.java:312)
	at org.testng.SuiteRunnerWorker.runSuite(SuiteRunnerWorker.java:52)
	at org.testng.SuiteRunnerWorker.run(SuiteRunnerWorker.java:95)
	at org.testng.TestNG.runSuitesSequentially(TestNG.java:1274)
	at org.testng.TestNG.runSuitesLocally(TestNG.java:1208)
	at org.testng.TestNG.runSuites(TestNG.java:1112)
	at org.testng.TestNG.run(TestNG.java:1079)
	at org.testng.remote.AbstractRemoteTestNG.run(AbstractRemoteTestNG.java:115)
	at org.testng.remote.RemoteTestNG.initAndRun(RemoteTestNG.java:293)
	at org.testng.remote.RemoteTestNG.main(RemoteTestNG.java:91)
</pre></div></td>
<td>5</td>
<td>com.dikahadir_selenium.testCases.shifting.TC_C_019@302552ec</td></tr>
</table><p>
<table width='100%' border='1' class='invocation-passed'>
<tr><td colspan='4' align='center'><b>PASSED TESTS</b></td></tr>
<tr><td><b>Test method</b></td>
<td><b>Attribute(s)</b></td>
<td width="30%"><b>Exception</b></td>
<td width="10%"><b>Time (seconds)</b></td>
<td><b>Instance</b></td>
</tr>
<tr>
<td title='com.dikahadir_selenium.testCases.shifting.TC_C_017.checkLastAndFirstPageDisplay()'><b>checkLastAndFirstPageDisplay</b><br>Test class: com.dikahadir_selenium.testCases.shifting.TC_C_017<br>Test method: TC_C_017</td>
<td></td>
<td>2</td>
<td>com.dikahadir_selenium.testCases.shifting.TC_C_017@bcec361</td></tr>
<tr>
<td title='com.dikahadir_selenium.testCases.shifting.TC_C_018.defaultPageDisplay()'><b>defaultPageDisplay</b><br>Test class: com.dikahadir_selenium.testCases.shifting.TC_C_018<br>Test method: TC_C_015</td>
<td></td>
<td>1</td>
<td>com.dikahadir_selenium.testCases.shifting.TC_C_018@26794848</td></tr>
<tr>
<td title='com.dikahadir_selenium.testCases.shifting.TC_C_003.validateEmptyFieldConfirm()'><b>validateEmptyFieldConfirm</b><br>Test class: com.dikahadir_selenium.testCases.shifting.TC_C_003<br>Test method: TC_C_003</td>
<td></td>
<td>0</td>
<td>com.dikahadir_selenium.testCases.shifting.TC_C_003@74e52ef6</td></tr>
<tr>
<td title='com.dikahadir_selenium.testCases.shifting.TC_C_015.defaultPageDisplay()'><b>defaultPageDisplay</b><br>Test class: com.dikahadir_selenium.testCases.shifting.TC_C_015<br>Test method: TC_C_015</td>
<td></td>
<td>1</td>
<td>com.dikahadir_selenium.testCases.shifting.TC_C_015@4b2bac3f</td></tr>
<tr>
<td title='com.dikahadir_selenium.testCases.shifting.TC_C_001.searchShift()'><b>searchShift</b><br>Test class: com.dikahadir_selenium.testCases.shifting.TC_C_001<br>Test method: TC_C_001</td>
<td></td>
<td>1</td>
<td>com.dikahadir_selenium.testCases.shifting.TC_C_001@179ece50</td></tr>
<tr>
<td title='com.dikahadir_selenium.testCases.shifting.TC_C_009.confirmDelete()'><b>confirmDelete</b><br>Test class: com.dikahadir_selenium.testCases.shifting.TC_C_009<br>Test method: TC_C_009</td>
<td></td>
<td>2</td>
<td>com.dikahadir_selenium.testCases.shifting.TC_C_009@198b6731</td></tr>
<tr>
<td title='com.dikahadir_selenium.testCases.shifting.TC_C_016.checkNextAndPreviousDisplay()'><b>checkNextAndPreviousDisplay</b><br>Test class: com.dikahadir_selenium.testCases.shifting.TC_C_016<br>Test method: TC_C_016</td>
<td></td>
<td>2</td>
<td>com.dikahadir_selenium.testCases.shifting.TC_C_016@4e08711f</td></tr>
<tr>
<td title='com.dikahadir_selenium.testCases.shifting.TC_C_011.validateNameAndCodeEdit()'><b>validateNameAndCodeEdit</b><br>Test class: com.dikahadir_selenium.testCases.shifting.TC_C_011<br>Test method: TC_C_011</td>
<td></td>
<td>1</td>
<td>com.dikahadir_selenium.testCases.shifting.TC_C_011@3c9754d8</td></tr>
<tr>
<td title='com.dikahadir_selenium.testCases.shifting.TC_C_006.cancelAddData()'><b>cancelAddData</b><br>Test class: com.dikahadir_selenium.testCases.shifting.TC_C_006<br>Test method: TC_C_006</td>
<td></td>
<td>6</td>
<td>com.dikahadir_selenium.testCases.shifting.TC_C_006@15de0b3c</td></tr>
<tr>
<td title='com.dikahadir_selenium.testCases.shifting.TC_C_014.cancelEdit()'><b>cancelEdit</b><br>Test class: com.dikahadir_selenium.testCases.shifting.TC_C_014<br>Test method: TC_C_014</td>
<td></td>
<td>3</td>
<td>com.dikahadir_selenium.testCases.shifting.TC_C_014@4d1c00d0</td></tr>
<tr>
<td title='com.dikahadir_selenium.testCases.shifting.TC_C_008.cancelDelete()'><b>cancelDelete</b><br>Test class: com.dikahadir_selenium.testCases.shifting.TC_C_008<br>Test method: TC_C_008</td>
<td></td>
<td>3</td>
<td>com.dikahadir_selenium.testCases.shifting.TC_C_008@3857f613</td></tr>
<tr>
<td title='com.dikahadir_selenium.testCases.shifting.TC_C_004.AddDataMinimumInput()'><b>AddDataMinimumInput</b><br>Test class: com.dikahadir_selenium.testCases.shifting.TC_C_004<br>Test method: TC_C_004</td>
<td></td>
<td>3</td>
<td>com.dikahadir_selenium.testCases.shifting.TC_C_004@6ed3ccb2</td></tr>
<tr>
<td title='com.dikahadir_selenium.testCases.shifting.TC_C_010.validateFormEdit()'><b>validateFormEdit</b><br>Test class: com.dikahadir_selenium.testCases.shifting.TC_C_010<br>Test method: TC_C_010</td>
<td></td>
<td>0</td>
<td>com.dikahadir_selenium.testCases.shifting.TC_C_010@7c6908d7</td></tr>
<tr>
<td title='com.dikahadir_selenium.testCases.shifting.TC_C_005.AddDataFull()'><b>AddDataFull</b><br>Test class: com.dikahadir_selenium.testCases.shifting.TC_C_005<br>Test method: TC_C_005</td>
<td></td>
<td>5</td>
<td>com.dikahadir_selenium.testCases.shifting.TC_C_005@1a677343</td></tr>
<tr>
<td title='com.dikahadir_selenium.testCases.shifting.TC_C_013.validateDuplicatCode()'><b>validateDuplicatCode</b><br>Test class: com.dikahadir_selenium.testCases.shifting.TC_C_013<br>Test method: TC_C_013</td>
<td></td>
<td>2</td>
<td>com.dikahadir_selenium.testCases.shifting.TC_C_013@79079097</td></tr>
<tr>
<td title='com.dikahadir_selenium.testCases.shifting.TC_C_002.resetSearchShift()'><b>resetSearchShift</b><br>Test class: com.dikahadir_selenium.testCases.shifting.TC_C_002<br>Test method: TC_C_002</td>
<td></td>
<td>1</td>
<td>com.dikahadir_selenium.testCases.shifting.TC_C_002@62ddbd7e</td></tr>
<tr>
<td title='com.dikahadir_selenium.testCases.shifting.TC_C_012.successNameAndCodeEdit()'><b>successNameAndCodeEdit</b><br>Test class: com.dikahadir_selenium.testCases.shifting.TC_C_012<br>Test method: TC_C_012</td>
<td></td>
<td>3</td>
<td>com.dikahadir_selenium.testCases.shifting.TC_C_012@3bf7ca37</td></tr>
</table><p>
</body>
</html>