<?xml version="1.0" encoding="UTF-8"?>
<!-- Generated by org.testng.reporters.JUnitXMLReporter -->
<testsuite ignored="36" hostname="STA-112934-1" failures="2" tests="19" name="ShiftingTest" time="61.179" errors="0" timestamp="2025-06-29T12:29:24 WIB">
  <testcase classname="com.dikahadir_selenium.testCases.shifting.TC_C_001" name="searchShift" time="1.585"/>
  <testcase classname="com.dikahadir_selenium.testCases.shifting.TC_C_002" name="resetSearchShift" time="1.197"/>
  <testcase classname="com.dikahadir_selenium.testCases.shifting.TC_C_003" name="validateEmptyFieldConfirm" time="0.422"/>
  <testcase classname="com.dikahadir_selenium.testCases.shifting.TC_C_004" name="AddDataMinimumInput" time="3.534"/>
  <testcase classname="com.dikahadir_selenium.testCases.shifting.TC_C_005" name="AddDataFull" time="5.795"/>
  <testcase classname="com.dikahadir_selenium.testCases.shifting.TC_C_006" name="cancelAddData" time="6.711"/>
  <testcase classname="com.dikahadir_selenium.testCases.shifting.TC_C_007" name="addDuplicatShift" time="5.663">
    <failure type="java.lang.AssertionError" message="expected [true] but found [false]">
      <![CDATA[java.lang.AssertionError: expected [true] but found [false]
at com.dikahadir_selenium.testCases.shifting.TC_C_007.addDuplicatShift(TC_C_007.java:57)
at java.base/java.util.ArrayList.forEach(ArrayList.java:1596)
... Removed 29 stack frames]]>
    </failure>
  </testcase> <!-- addDuplicatShift -->
  <testcase classname="com.dikahadir_selenium.testCases.shifting.TC_C_008" name="cancelDelete" time="3.931"/>
  <testcase classname="com.dikahadir_selenium.testCases.shifting.TC_C_009" name="confirmDelete" time="2.353"/>
  <testcase classname="com.dikahadir_selenium.testCases.shifting.TC_C_010" name="validateFormEdit" time="0.5"/>
  <testcase classname="com.dikahadir_selenium.testCases.shifting.TC_C_011" name="validateNameAndCodeEdit" time="1.933"/>
  <testcase classname="com.dikahadir_selenium.testCases.shifting.TC_C_012" name="successNameAndCodeEdit" time="3.102"/>
  <testcase classname="com.dikahadir_selenium.testCases.shifting.TC_C_013" name="validateDuplicatCode" time="2.99"/>
  <testcase classname="com.dikahadir_selenium.testCases.shifting.TC_C_014" name="cancelEdit" time="3.185"/>
  <testcase classname="com.dikahadir_selenium.testCases.shifting.TC_C_015" name="defaultPageDisplay" time="1.189"/>
  <testcase classname="com.dikahadir_selenium.testCases.shifting.TC_C_016" name="checkNextAndPreviousDisplay" time="2.895"/>
  <testcase classname="com.dikahadir_selenium.testCases.shifting.TC_C_017" name="checkLastAndFirstPageDisplay" time="2.328"/>
  <testcase classname="com.dikahadir_selenium.testCases.shifting.TC_C_018" name="defaultPageDisplay" time="1.781"/>
  <testcase classname="com.dikahadir_selenium.testCases.shifting.TC_C_019" name="AddTimeInAfterTimeOut" time="5.938">
    <failure type="java.lang.AssertionError" message="did not expect [1iiEoPs] but found [1iiEoPs]">
      <![CDATA[java.lang.AssertionError: did not expect [1iiEoPs] but found [1iiEoPs]
at com.dikahadir_selenium.testCases.shifting.TC_C_019.AddTimeInAfterTimeOut(TC_C_019.java:61)
at java.base/java.util.ArrayList.forEach(ArrayList.java:1596)
... Removed 30 stack frames]]>
    </failure>
  </testcase> <!-- AddTimeInAfterTimeOut -->
  <testcase classname="com.dikahadir_selenium.testBase.BaseClass" name="@BeforeTest setup" time="0.0">
    <ignored/>
  </testcase> <!-- @BeforeTest setup -->
  <testcase classname="com.dikahadir_selenium.testBase.BaseClass" name="@BeforeTest setup" time="0.0">
    <ignored/>
  </testcase> <!-- @BeforeTest setup -->
  <testcase classname="com.dikahadir_selenium.testBase.BaseClass" name="@AfterTest tearDown" time="0.0">
    <ignored/>
  </testcase> <!-- @AfterTest tearDown -->
  <testcase classname="com.dikahadir_selenium.testBase.BaseClass" name="@BeforeTest setup" time="0.0">
    <ignored/>
  </testcase> <!-- @BeforeTest setup -->
  <testcase classname="com.dikahadir_selenium.testBase.BaseClass" name="@BeforeTest setup" time="0.0">
    <ignored/>
  </testcase> <!-- @BeforeTest setup -->
  <testcase classname="com.dikahadir_selenium.testBase.BaseClass" name="@AfterTest tearDown" time="0.0">
    <ignored/>
  </testcase> <!-- @AfterTest tearDown -->
  <testcase classname="com.dikahadir_selenium.testBase.BaseClass" name="@AfterTest tearDown" time="0.0">
    <ignored/>
  </testcase> <!-- @AfterTest tearDown -->
  <testcase classname="com.dikahadir_selenium.testBase.BaseClass" name="@AfterTest tearDown" time="0.0">
    <ignored/>
  </testcase> <!-- @AfterTest tearDown -->
  <testcase classname="com.dikahadir_selenium.testBase.BaseClass" name="@BeforeTest setup" time="0.0">
    <ignored/>
  </testcase> <!-- @BeforeTest setup -->
  <testcase classname="com.dikahadir_selenium.testBase.BaseClass" name="@AfterTest tearDown" time="0.0">
    <ignored/>
  </testcase> <!-- @AfterTest tearDown -->
  <testcase classname="com.dikahadir_selenium.testBase.BaseClass" name="@BeforeTest setup" time="0.0">
    <ignored/>
  </testcase> <!-- @BeforeTest setup -->
  <testcase classname="com.dikahadir_selenium.testBase.BaseClass" name="@BeforeTest setup" time="0.0">
    <ignored/>
  </testcase> <!-- @BeforeTest setup -->
  <testcase classname="com.dikahadir_selenium.testBase.BaseClass" name="@BeforeTest setup" time="0.0">
    <ignored/>
  </testcase> <!-- @BeforeTest setup -->
  <testcase classname="com.dikahadir_selenium.testBase.BaseClass" name="@BeforeTest setup" time="0.0">
    <ignored/>
  </testcase> <!-- @BeforeTest setup -->
  <testcase classname="com.dikahadir_selenium.testBase.BaseClass" name="@AfterTest tearDown" time="0.0">
    <ignored/>
  </testcase> <!-- @AfterTest tearDown -->
  <testcase classname="com.dikahadir_selenium.testBase.BaseClass" name="@AfterTest tearDown" time="0.0">
    <ignored/>
  </testcase> <!-- @AfterTest tearDown -->
  <testcase classname="com.dikahadir_selenium.testBase.BaseClass" name="@BeforeTest setup" time="0.0">
    <ignored/>
  </testcase> <!-- @BeforeTest setup -->
  <testcase classname="com.dikahadir_selenium.testBase.BaseClass" name="@AfterTest tearDown" time="0.0">
    <ignored/>
  </testcase> <!-- @AfterTest tearDown -->
  <testcase classname="com.dikahadir_selenium.testBase.BaseClass" name="@AfterTest tearDown" time="0.0">
    <ignored/>
  </testcase> <!-- @AfterTest tearDown -->
  <testcase classname="com.dikahadir_selenium.testBase.BaseClass" name="@AfterTest tearDown" time="0.0">
    <ignored/>
  </testcase> <!-- @AfterTest tearDown -->
  <testcase classname="com.dikahadir_selenium.testBase.BaseClass" name="@AfterTest tearDown" time="0.0">
    <ignored/>
  </testcase> <!-- @AfterTest tearDown -->
  <testcase classname="com.dikahadir_selenium.testBase.BaseClass" name="@AfterTest tearDown" time="0.0">
    <ignored/>
  </testcase> <!-- @AfterTest tearDown -->
  <testcase classname="com.dikahadir_selenium.testBase.BaseClass" name="@BeforeTest setup" time="0.0">
    <ignored/>
  </testcase> <!-- @BeforeTest setup -->
  <testcase classname="com.dikahadir_selenium.testBase.BaseClass" name="@BeforeTest setup" time="0.0">
    <ignored/>
  </testcase> <!-- @BeforeTest setup -->
  <testcase classname="com.dikahadir_selenium.testBase.BaseClass" name="@BeforeTest setup" time="0.0">
    <ignored/>
  </testcase> <!-- @BeforeTest setup -->
  <testcase classname="com.dikahadir_selenium.testBase.BaseClass" name="@BeforeTest setup" time="0.0">
    <ignored/>
  </testcase> <!-- @BeforeTest setup -->
  <testcase classname="com.dikahadir_selenium.testBase.BaseClass" name="@AfterTest tearDown" time="0.0">
    <ignored/>
  </testcase> <!-- @AfterTest tearDown -->
  <testcase classname="com.dikahadir_selenium.testBase.BaseClass" name="@AfterTest tearDown" time="0.0">
    <ignored/>
  </testcase> <!-- @AfterTest tearDown -->
  <testcase classname="com.dikahadir_selenium.testBase.BaseClass" name="@BeforeTest setup" time="0.0">
    <ignored/>
  </testcase> <!-- @BeforeTest setup -->
  <testcase classname="com.dikahadir_selenium.testBase.BaseClass" name="@AfterTest tearDown" time="0.0">
    <ignored/>
  </testcase> <!-- @AfterTest tearDown -->
  <testcase classname="com.dikahadir_selenium.testBase.BaseClass" name="@AfterTest tearDown" time="0.0">
    <ignored/>
  </testcase> <!-- @AfterTest tearDown -->
  <testcase classname="com.dikahadir_selenium.testBase.BaseClass" name="@BeforeTest setup" time="0.0">
    <ignored/>
  </testcase> <!-- @BeforeTest setup -->
  <testcase classname="com.dikahadir_selenium.testBase.BaseClass" name="@AfterTest tearDown" time="0.0">
    <ignored/>
  </testcase> <!-- @AfterTest tearDown -->
  <testcase classname="com.dikahadir_selenium.testBase.BaseClass" name="@BeforeTest setup" time="0.0">
    <ignored/>
  </testcase> <!-- @BeforeTest setup -->
  <testcase classname="com.dikahadir_selenium.testBase.BaseClass" name="@AfterTest tearDown" time="0.0">
    <ignored/>
  </testcase> <!-- @AfterTest tearDown -->
  <testcase classname="com.dikahadir_selenium.testBase.BaseClass" name="@BeforeTest setup" time="0.0">
    <ignored/>
  </testcase> <!-- @BeforeTest setup -->
</testsuite> <!-- ShiftingTest -->
