<?xml version="1.0" encoding="UTF-8"?>
<!-- Generated by org.testng.reporters.JUnitXMLReporter -->
<testsuite ignored="0" hostname="STA-112934-1" failures="1" tests="1" name="Test" time="5.003" errors="0" timestamp="2025-06-20T17:02:54 WIB">
  <testcase classname="com.dikahadir_selenium.testCases.TC_A_001" name="login" time="0.034">
    <failure type="java.lang.AssertionError" message="expected [HADIx] but found [HADIR]">
      <![CDATA[java.lang.AssertionError: expected [HADIx] but found [HADIR]
at com.dikahadir_selenium.testCases.TC_A_001.login(TC_A_001.java:14)
at java.base/java.util.ArrayList.forEach(ArrayList.java:1596)
... Removed 31 stack frames]]>
    </failure>
  </testcase> <!-- login -->
</testsuite> <!-- Test -->
